Determining if the pthread_create exist failed with the following output:
Change Dir: /home/poojith/catkin_ws/build/first_example/CMakeFiles/CMakeTmp

Run Build Command:"/usr/bin/make" "cmTC_b0f50/fast"
/usr/bin/make -f CMakeFiles/cmTC_b0f50.dir/build.make CMakeFiles/cmTC_b0f50.dir/build
make[1]: Entering directory '/home/poojith/catkin_ws/build/first_example/CMakeFiles/CMakeTmp'
Building C object CMakeFiles/cmTC_b0f50.dir/CheckSymbolExists.c.o
/usr/bin/cc     -o CMakeFiles/cmTC_b0f50.dir/CheckSymbolExists.c.o   -c /home/poojith/catkin_ws/build/first_example/CMakeFiles/CMakeTmp/CheckSymbolExists.c
Linking C executable cmTC_b0f50
/usr/bin/cmake -E cmake_link_script CMakeFiles/cmTC_b0f50.dir/link.txt --verbose=1
/usr/bin/cc       CMakeFiles/cmTC_b0f50.dir/CheckSymbolExists.c.o  -o cmTC_b0f50 -rdynamic 
CMakeFiles/cmTC_b0f50.dir/CheckSymbolExists.c.o: In function `main':
CheckSymbolExists.c:(.text+0x16): undefined reference to `pthread_create'
collect2: error: ld returned 1 exit status
CMakeFiles/cmTC_b0f50.dir/build.make:97: recipe for target 'cmTC_b0f50' failed
make[1]: *** [cmTC_b0f50] Error 1
make[1]: Leaving directory '/home/poojith/catkin_ws/build/first_example/CMakeFiles/CMakeTmp'
Makefile:126: recipe for target 'cmTC_b0f50/fast' failed
make: *** [cmTC_b0f50/fast] Error 2

File /home/poojith/catkin_ws/build/first_example/CMakeFiles/CMakeTmp/CheckSymbolExists.c:
/* */
#include <pthread.h>

int main(int argc, char** argv)
{
  (void)argv;
#ifndef pthread_create
  return ((int*)(&pthread_create))[argc];
#else
  (void)argc;
  return 0;
#endif
}

Determining if the function pthread_create exists in the pthreads failed with the following output:
Change Dir: /home/poojith/catkin_ws/build/first_example/CMakeFiles/CMakeTmp

Run Build Command:"/usr/bin/make" "cmTC_27523/fast"
/usr/bin/make -f CMakeFiles/cmTC_27523.dir/build.make CMakeFiles/cmTC_27523.dir/build
make[1]: Entering directory '/home/poojith/catkin_ws/build/first_example/CMakeFiles/CMakeTmp'
Building C object CMakeFiles/cmTC_27523.dir/CheckFunctionExists.c.o
/usr/bin/cc    -DCHECK_FUNCTION_EXISTS=pthread_create   -o CMakeFiles/cmTC_27523.dir/CheckFunctionExists.c.o   -c /usr/share/cmake-3.5/Modules/CheckFunctionExists.c
Linking C executable cmTC_27523
/usr/bin/cmake -E cmake_link_script CMakeFiles/cmTC_27523.dir/link.txt --verbose=1
/usr/bin/cc   -DCHECK_FUNCTION_EXISTS=pthread_create    CMakeFiles/cmTC_27523.dir/CheckFunctionExists.c.o  -o cmTC_27523 -rdynamic -lpthreads 
/usr/bin/ld: cannot find -lpthreads
collect2: error: ld returned 1 exit status
CMakeFiles/cmTC_27523.dir/build.make:97: recipe for target 'cmTC_27523' failed
make[1]: *** [cmTC_27523] Error 1
make[1]: Leaving directory '/home/poojith/catkin_ws/build/first_example/CMakeFiles/CMakeTmp'
Makefile:126: recipe for target 'cmTC_27523/fast' failed
make: *** [cmTC_27523/fast] Error 2


