Determining if the pthread_create exist failed with the following output:
Change Dir: /home/poojith/catkin_ws/build/catkin_tools_prebuild/CMakeFiles/CMakeTmp

Run Build Command:"/usr/bin/make" "cmTC_ec41b/fast"
/usr/bin/make -f CMakeFiles/cmTC_ec41b.dir/build.make CMakeFiles/cmTC_ec41b.dir/build
make[1]: Entering directory '/home/poojith/catkin_ws/build/catkin_tools_prebuild/CMakeFiles/CMakeTmp'
Building C object CMakeFiles/cmTC_ec41b.dir/CheckSymbolExists.c.o
/usr/bin/cc     -o CMakeFiles/cmTC_ec41b.dir/CheckSymbolExists.c.o   -c /home/poojith/catkin_ws/build/catkin_tools_prebuild/CMakeFiles/CMakeTmp/CheckSymbolExists.c
Linking C executable cmTC_ec41b
/usr/bin/cmake -E cmake_link_script CMakeFiles/cmTC_ec41b.dir/link.txt --verbose=1
/usr/bin/cc       CMakeFiles/cmTC_ec41b.dir/CheckSymbolExists.c.o  -o cmTC_ec41b -rdynamic 
CMakeFiles/cmTC_ec41b.dir/CheckSymbolExists.c.o: In function `main':
CheckSymbolExists.c:(.text+0x16): undefined reference to `pthread_create'
collect2: error: ld returned 1 exit status
CMakeFiles/cmTC_ec41b.dir/build.make:97: recipe for target 'cmTC_ec41b' failed
make[1]: *** [cmTC_ec41b] Error 1
make[1]: Leaving directory '/home/poojith/catkin_ws/build/catkin_tools_prebuild/CMakeFiles/CMakeTmp'
Makefile:126: recipe for target 'cmTC_ec41b/fast' failed
make: *** [cmTC_ec41b/fast] Error 2

File /home/poojith/catkin_ws/build/catkin_tools_prebuild/CMakeFiles/CMakeTmp/CheckSymbolExists.c:
/* */
#include <pthread.h>

int main(int argc, char** argv)
{
  (void)argv;
#ifndef pthread_create
  return ((int*)(&pthread_create))[argc];
#else
  (void)argc;
  return 0;
#endif
}

Determining if the function pthread_create exists in the pthreads failed with the following output:
Change Dir: /home/poojith/catkin_ws/build/catkin_tools_prebuild/CMakeFiles/CMakeTmp

Run Build Command:"/usr/bin/make" "cmTC_ae9c5/fast"
/usr/bin/make -f CMakeFiles/cmTC_ae9c5.dir/build.make CMakeFiles/cmTC_ae9c5.dir/build
make[1]: Entering directory '/home/poojith/catkin_ws/build/catkin_tools_prebuild/CMakeFiles/CMakeTmp'
Building C object CMakeFiles/cmTC_ae9c5.dir/CheckFunctionExists.c.o
/usr/bin/cc    -DCHECK_FUNCTION_EXISTS=pthread_create   -o CMakeFiles/cmTC_ae9c5.dir/CheckFunctionExists.c.o   -c /usr/share/cmake-3.5/Modules/CheckFunctionExists.c
Linking C executable cmTC_ae9c5
/usr/bin/cmake -E cmake_link_script CMakeFiles/cmTC_ae9c5.dir/link.txt --verbose=1
/usr/bin/cc   -DCHECK_FUNCTION_EXISTS=pthread_create    CMakeFiles/cmTC_ae9c5.dir/CheckFunctionExists.c.o  -o cmTC_ae9c5 -rdynamic -lpthreads 
/usr/bin/ld: cannot find -lpthreads
collect2: error: ld returned 1 exit status
CMakeFiles/cmTC_ae9c5.dir/build.make:97: recipe for target 'cmTC_ae9c5' failed
make[1]: *** [cmTC_ae9c5] Error 1
make[1]: Leaving directory '/home/poojith/catkin_ws/build/catkin_tools_prebuild/CMakeFiles/CMakeTmp'
Makefile:126: recipe for target 'cmTC_ae9c5/fast' failed
make: *** [cmTC_ae9c5/fast] Error 2


