Determining if the pthread_create exist failed with the following output:
Change Dir: /home/poojith/catkin_ws/build/mavros_msgs/CMakeFiles/CMakeTmp

Run Build Command:"/usr/bin/make" "cmTC_73cdd/fast"
/usr/bin/make -f CMakeFiles/cmTC_73cdd.dir/build.make CMakeFiles/cmTC_73cdd.dir/build
make[1]: Entering directory '/home/poojith/catkin_ws/build/mavros_msgs/CMakeFiles/CMakeTmp'
Building C object CMakeFiles/cmTC_73cdd.dir/CheckSymbolExists.c.o
/usr/bin/cc     -o CMakeFiles/cmTC_73cdd.dir/CheckSymbolExists.c.o   -c /home/poojith/catkin_ws/build/mavros_msgs/CMakeFiles/CMakeTmp/CheckSymbolExists.c
Linking C executable cmTC_73cdd
/usr/bin/cmake -E cmake_link_script CMakeFiles/cmTC_73cdd.dir/link.txt --verbose=1
/usr/bin/cc       CMakeFiles/cmTC_73cdd.dir/CheckSymbolExists.c.o  -o cmTC_73cdd -rdynamic 
CMakeFiles/cmTC_73cdd.dir/CheckSymbolExists.c.o: In function `main':
CheckSymbolExists.c:(.text+0x16): undefined reference to `pthread_create'
collect2: error: ld returned 1 exit status
CMakeFiles/cmTC_73cdd.dir/build.make:97: recipe for target 'cmTC_73cdd' failed
make[1]: *** [cmTC_73cdd] Error 1
make[1]: Leaving directory '/home/poojith/catkin_ws/build/mavros_msgs/CMakeFiles/CMakeTmp'
Makefile:126: recipe for target 'cmTC_73cdd/fast' failed
make: *** [cmTC_73cdd/fast] Error 2

File /home/poojith/catkin_ws/build/mavros_msgs/CMakeFiles/CMakeTmp/CheckSymbolExists.c:
/* */
#include <pthread.h>

int main(int argc, char** argv)
{
  (void)argv;
#ifndef pthread_create
  return ((int*)(&pthread_create))[argc];
#else
  (void)argc;
  return 0;
#endif
}

Determining if the function pthread_create exists in the pthreads failed with the following output:
Change Dir: /home/poojith/catkin_ws/build/mavros_msgs/CMakeFiles/CMakeTmp

Run Build Command:"/usr/bin/make" "cmTC_9bc10/fast"
/usr/bin/make -f CMakeFiles/cmTC_9bc10.dir/build.make CMakeFiles/cmTC_9bc10.dir/build
make[1]: Entering directory '/home/poojith/catkin_ws/build/mavros_msgs/CMakeFiles/CMakeTmp'
Building C object CMakeFiles/cmTC_9bc10.dir/CheckFunctionExists.c.o
/usr/bin/cc    -DCHECK_FUNCTION_EXISTS=pthread_create   -o CMakeFiles/cmTC_9bc10.dir/CheckFunctionExists.c.o   -c /usr/share/cmake-3.5/Modules/CheckFunctionExists.c
Linking C executable cmTC_9bc10
/usr/bin/cmake -E cmake_link_script CMakeFiles/cmTC_9bc10.dir/link.txt --verbose=1
/usr/bin/cc   -DCHECK_FUNCTION_EXISTS=pthread_create    CMakeFiles/cmTC_9bc10.dir/CheckFunctionExists.c.o  -o cmTC_9bc10 -rdynamic -lpthreads 
/usr/bin/ld: cannot find -lpthreads
collect2: error: ld returned 1 exit status
CMakeFiles/cmTC_9bc10.dir/build.make:97: recipe for target 'cmTC_9bc10' failed
make[1]: *** [cmTC_9bc10] Error 1
make[1]: Leaving directory '/home/poojith/catkin_ws/build/mavros_msgs/CMakeFiles/CMakeTmp'
Makefile:126: recipe for target 'cmTC_9bc10/fast' failed
make: *** [cmTC_9bc10/fast] Error 2


