[35m[1mScanning dependencies of target std_msgs_generate_messages_cpp[0m
[35m[1mScanning dependencies of target geometry_msgs_generate_messages_py[0m
[35m[1mScanning dependencies of target std_msgs_generate_messages_nodejs[0m
[35m[1mScanning dependencies of target geometry_msgs_generate_messages_cpp[0m
[35m[1mScanning dependencies of target mavros_msgs_generate_messages_nodejs[0m
[35m[1mScanning dependencies of target std_msgs_generate_messages_py[0m
[35m[1mScanning dependencies of target geometry_msgs_generate_messages_nodejs[0m
[35m[1mScanning dependencies of target mavros_msgs_generate_messages_lisp[0m
[35m[1mScanning dependencies of target mavros_msgs_generate_messages_py[0m
[35m[1mScanning dependencies of target mavros_msgs_generate_messages_cpp[0m
[35m[1mScanning dependencies of target std_msgs_generate_messages_lisp[0m
[35m[1mScanning dependencies of target geometry_msgs_generate_messages_lisp[0m
[  0%] Built target geometry_msgs_generate_messages_cpp
[  0%] Built target std_msgs_generate_messages_cpp
[  0%] Built target geometry_msgs_generate_messages_py
[35m[1mScanning dependencies of target mavros_msgs_generate_messages_eus[0m
[35m[1mScanning dependencies of target geometry_msgs_generate_messages_eus[0m
[35m[1mScanning dependencies of target std_msgs_generate_messages_eus[0m
[  0%] Built target mavros_msgs_generate_messages_py
[  0%] Built target std_msgs_generate_messages_py
[  0%] Built target std_msgs_generate_messages_nodejs
[  0%] Built target geometry_msgs_generate_messages_nodejs
[  0%] Built target mavros_msgs_generate_messages_nodejs
[  0%] Built target mavros_msgs_generate_messages_lisp
[  0%] Built target geometry_msgs_generate_messages_lisp
[  0%] Built target mavros_msgs_generate_messages_cpp
[  0%] Built target std_msgs_generate_messages_lisp
[  0%] Built target std_msgs_generate_messages_eus
[  0%] Built target geometry_msgs_generate_messages_eus
[  0%] Built target mavros_msgs_generate_messages_eus
[35m[1mScanning dependencies of target offb_ex_generate_messages_py[0m
[35m[1mScanning dependencies of target offb_ex_generate_messages_cpp[0m
[35m[1mScanning dependencies of target offb_ex_generate_messages_eus[0m
[35m[1mScanning dependencies of target offb_ex_generate_messages_nodejs[0m
[35m[1mScanning dependencies of target offb_ex_generate_messages_lisp[0m
[  0%] Built target offb_ex_generate_messages_py
[  0%] Built target offb_ex_generate_messages_cpp
[100%] [34m[1mGenerating EusLisp manifest code for offb_ex[0m
[100%] Built target offb_ex_generate_messages_nodejs
[100%] Built target offb_ex_generate_messages_lisp
[100%] Built target offb_ex_generate_messages_eus
[35m[1mScanning dependencies of target offb_ex_generate_messages[0m
[100%] Built target offb_ex_generate_messages
