Determining if the pthread_create exist failed with the following output:
Change Dir: /home/poojith/catkin_ws/build_isolated/pub_sub/CMakeFiles/CMakeTmp

Run Build Command:"/usr/bin/make" "cmTC_1fecb/fast"
/usr/bin/make -f CMakeFiles/cmTC_1fecb.dir/build.make CMakeFiles/cmTC_1fecb.dir/build
make[1]: Entering directory '/home/poojith/catkin_ws/build_isolated/pub_sub/CMakeFiles/CMakeTmp'
Building C object CMakeFiles/cmTC_1fecb.dir/CheckSymbolExists.c.o
/usr/bin/cc     -o CMakeFiles/cmTC_1fecb.dir/CheckSymbolExists.c.o   -c /home/poojith/catkin_ws/build_isolated/pub_sub/CMakeFiles/CMakeTmp/CheckSymbolExists.c
Linking C executable cmTC_1fecb
/usr/bin/cmake -E cmake_link_script CMakeFiles/cmTC_1fecb.dir/link.txt --verbose=1
/usr/bin/cc       CMakeFiles/cmTC_1fecb.dir/CheckSymbolExists.c.o  -o cmTC_1fecb -rdynamic 
CMakeFiles/cmTC_1fecb.dir/CheckSymbolExists.c.o: In function `main':
CheckSymbolExists.c:(.text+0x16): undefined reference to `pthread_create'
collect2: error: ld returned 1 exit status
CMakeFiles/cmTC_1fecb.dir/build.make:97: recipe for target 'cmTC_1fecb' failed
make[1]: *** [cmTC_1fecb] Error 1
make[1]: Leaving directory '/home/poojith/catkin_ws/build_isolated/pub_sub/CMakeFiles/CMakeTmp'
Makefile:126: recipe for target 'cmTC_1fecb/fast' failed
make: *** [cmTC_1fecb/fast] Error 2

File /home/poojith/catkin_ws/build_isolated/pub_sub/CMakeFiles/CMakeTmp/CheckSymbolExists.c:
/* */
#include <pthread.h>

int main(int argc, char** argv)
{
  (void)argv;
#ifndef pthread_create
  return ((int*)(&pthread_create))[argc];
#else
  (void)argc;
  return 0;
#endif
}

Determining if the function pthread_create exists in the pthreads failed with the following output:
Change Dir: /home/poojith/catkin_ws/build_isolated/pub_sub/CMakeFiles/CMakeTmp

Run Build Command:"/usr/bin/make" "cmTC_e994c/fast"
/usr/bin/make -f CMakeFiles/cmTC_e994c.dir/build.make CMakeFiles/cmTC_e994c.dir/build
make[1]: Entering directory '/home/poojith/catkin_ws/build_isolated/pub_sub/CMakeFiles/CMakeTmp'
Building C object CMakeFiles/cmTC_e994c.dir/CheckFunctionExists.c.o
/usr/bin/cc    -DCHECK_FUNCTION_EXISTS=pthread_create   -o CMakeFiles/cmTC_e994c.dir/CheckFunctionExists.c.o   -c /usr/share/cmake-3.5/Modules/CheckFunctionExists.c
Linking C executable cmTC_e994c
/usr/bin/cmake -E cmake_link_script CMakeFiles/cmTC_e994c.dir/link.txt --verbose=1
/usr/bin/cc   -DCHECK_FUNCTION_EXISTS=pthread_create    CMakeFiles/cmTC_e994c.dir/CheckFunctionExists.c.o  -o cmTC_e994c -rdynamic -lpthreads 
/usr/bin/ld: cannot find -lpthreads
collect2: error: ld returned 1 exit status
CMakeFiles/cmTC_e994c.dir/build.make:97: recipe for target 'cmTC_e994c' failed
make[1]: *** [cmTC_e994c] Error 1
make[1]: Leaving directory '/home/poojith/catkin_ws/build_isolated/pub_sub/CMakeFiles/CMakeTmp'
Makefile:126: recipe for target 'cmTC_e994c/fast' failed
make: *** [cmTC_e994c/fast] Error 2


