Determining if the pthread_create exist failed with the following output:
Change Dir: /home/poojith/catkin_ws/build/pub_sub/CMakeFiles/CMakeTmp

Run Build Command:"/usr/bin/make" "cmTC_1fe9d/fast"
/usr/bin/make -f CMakeFiles/cmTC_1fe9d.dir/build.make CMakeFiles/cmTC_1fe9d.dir/build
make[1]: Entering directory '/home/poojith/catkin_ws/build/pub_sub/CMakeFiles/CMakeTmp'
Building C object CMakeFiles/cmTC_1fe9d.dir/CheckSymbolExists.c.o
/usr/bin/cc     -o CMakeFiles/cmTC_1fe9d.dir/CheckSymbolExists.c.o   -c /home/poojith/catkin_ws/build/pub_sub/CMakeFiles/CMakeTmp/CheckSymbolExists.c
Linking C executable cmTC_1fe9d
/usr/bin/cmake -E cmake_link_script CMakeFiles/cmTC_1fe9d.dir/link.txt --verbose=1
/usr/bin/cc       CMakeFiles/cmTC_1fe9d.dir/CheckSymbolExists.c.o  -o cmTC_1fe9d -rdynamic 
CMakeFiles/cmTC_1fe9d.dir/CheckSymbolExists.c.o: In function `main':
CheckSymbolExists.c:(.text+0x16): undefined reference to `pthread_create'
collect2: error: ld returned 1 exit status
CMakeFiles/cmTC_1fe9d.dir/build.make:97: recipe for target 'cmTC_1fe9d' failed
make[1]: *** [cmTC_1fe9d] Error 1
make[1]: Leaving directory '/home/poojith/catkin_ws/build/pub_sub/CMakeFiles/CMakeTmp'
Makefile:126: recipe for target 'cmTC_1fe9d/fast' failed
make: *** [cmTC_1fe9d/fast] Error 2

File /home/poojith/catkin_ws/build/pub_sub/CMakeFiles/CMakeTmp/CheckSymbolExists.c:
/* */
#include <pthread.h>

int main(int argc, char** argv)
{
  (void)argv;
#ifndef pthread_create
  return ((int*)(&pthread_create))[argc];
#else
  (void)argc;
  return 0;
#endif
}

Determining if the function pthread_create exists in the pthreads failed with the following output:
Change Dir: /home/poojith/catkin_ws/build/pub_sub/CMakeFiles/CMakeTmp

Run Build Command:"/usr/bin/make" "cmTC_fbafa/fast"
/usr/bin/make -f CMakeFiles/cmTC_fbafa.dir/build.make CMakeFiles/cmTC_fbafa.dir/build
make[1]: Entering directory '/home/poojith/catkin_ws/build/pub_sub/CMakeFiles/CMakeTmp'
Building C object CMakeFiles/cmTC_fbafa.dir/CheckFunctionExists.c.o
/usr/bin/cc    -DCHECK_FUNCTION_EXISTS=pthread_create   -o CMakeFiles/cmTC_fbafa.dir/CheckFunctionExists.c.o   -c /usr/share/cmake-3.5/Modules/CheckFunctionExists.c
Linking C executable cmTC_fbafa
/usr/bin/cmake -E cmake_link_script CMakeFiles/cmTC_fbafa.dir/link.txt --verbose=1
/usr/bin/cc   -DCHECK_FUNCTION_EXISTS=pthread_create    CMakeFiles/cmTC_fbafa.dir/CheckFunctionExists.c.o  -o cmTC_fbafa -rdynamic -lpthreads 
/usr/bin/ld: cannot find -lpthreads
collect2: error: ld returned 1 exit status
CMakeFiles/cmTC_fbafa.dir/build.make:97: recipe for target 'cmTC_fbafa' failed
make[1]: *** [cmTC_fbafa] Error 1
make[1]: Leaving directory '/home/poojith/catkin_ws/build/pub_sub/CMakeFiles/CMakeTmp'
Makefile:126: recipe for target 'cmTC_fbafa/fast' failed
make: *** [cmTC_fbafa/fast] Error 2


