Determining if the pthread_create exist failed with the following output:
Change Dir: /home/poojith/catkin_ws/build/obj_det/CMakeFiles/CMakeTmp

Run Build Command:"/usr/bin/make" "cmTC_245ab/fast"
/usr/bin/make -f CMakeFiles/cmTC_245ab.dir/build.make CMakeFiles/cmTC_245ab.dir/build
make[1]: Entering directory '/home/poojith/catkin_ws/build/obj_det/CMakeFiles/CMakeTmp'
Building C object CMakeFiles/cmTC_245ab.dir/CheckSymbolExists.c.o
/usr/bin/cc    -o CMakeFiles/cmTC_245ab.dir/CheckSymbolExists.c.o   -c /home/poojith/catkin_ws/build/obj_det/CMakeFiles/CMakeTmp/CheckSymbolExists.c
Linking C executable cmTC_245ab
/usr/local/bin/cmake -E cmake_link_script CMakeFiles/cmTC_245ab.dir/link.txt --verbose=1
/usr/bin/cc      -rdynamic CMakeFiles/cmTC_245ab.dir/CheckSymbolExists.c.o  -o cmTC_245ab 
CMakeFiles/cmTC_245ab.dir/CheckSymbolExists.c.o: In function `main':
CheckSymbolExists.c:(.text+0x16): undefined reference to `pthread_create'
collect2: error: ld returned 1 exit status
CMakeFiles/cmTC_245ab.dir/build.make:86: recipe for target 'cmTC_245ab' failed
make[1]: *** [cmTC_245ab] Error 1
make[1]: Leaving directory '/home/poojith/catkin_ws/build/obj_det/CMakeFiles/CMakeTmp'
Makefile:121: recipe for target 'cmTC_245ab/fast' failed
make: *** [cmTC_245ab/fast] Error 2

File /home/poojith/catkin_ws/build/obj_det/CMakeFiles/CMakeTmp/CheckSymbolExists.c:
/* */
#include <pthread.h>

int main(int argc, char** argv)
{
  (void)argv;
#ifndef pthread_create
  return ((int*)(&pthread_create))[argc];
#else
  (void)argc;
  return 0;
#endif
}

Determining if the function pthread_create exists in the pthreads failed with the following output:
Change Dir: /home/poojith/catkin_ws/build/obj_det/CMakeFiles/CMakeTmp

Run Build Command:"/usr/bin/make" "cmTC_d5bc9/fast"
/usr/bin/make -f CMakeFiles/cmTC_d5bc9.dir/build.make CMakeFiles/cmTC_d5bc9.dir/build
make[1]: Entering directory '/home/poojith/catkin_ws/build/obj_det/CMakeFiles/CMakeTmp'
Building C object CMakeFiles/cmTC_d5bc9.dir/CheckFunctionExists.c.o
/usr/bin/cc   -DCHECK_FUNCTION_EXISTS=pthread_create   -o CMakeFiles/cmTC_d5bc9.dir/CheckFunctionExists.c.o   -c /usr/local/share/cmake-3.13/Modules/CheckFunctionExists.c
Linking C executable cmTC_d5bc9
/usr/local/bin/cmake -E cmake_link_script CMakeFiles/cmTC_d5bc9.dir/link.txt --verbose=1
/usr/bin/cc  -DCHECK_FUNCTION_EXISTS=pthread_create    -rdynamic CMakeFiles/cmTC_d5bc9.dir/CheckFunctionExists.c.o  -o cmTC_d5bc9 -lpthreads 
/usr/bin/ld: cannot find -lpthreads
collect2: error: ld returned 1 exit status
CMakeFiles/cmTC_d5bc9.dir/build.make:86: recipe for target 'cmTC_d5bc9' failed
make[1]: *** [cmTC_d5bc9] Error 1
make[1]: Leaving directory '/home/poojith/catkin_ws/build/obj_det/CMakeFiles/CMakeTmp'
Makefile:121: recipe for target 'cmTC_d5bc9/fast' failed
make: *** [cmTC_d5bc9/fast] Error 2


